<?xml version="1.0" encoding="UTF-8"?>
<testng-results ignored="0" total="1" passed="1" failed="0" skipped="0">
  <reporter-output>
  </reporter-output>
  <suite started-at="2022-11-30T00:14:44 IST" name="Suite" finished-at="2022-11-30T00:14:44 IST" duration-ms="37">
    <groups>
    </groups>
    <test started-at="2022-11-30T00:14:44 IST" name="Test" finished-at="2022-11-30T00:14:44 IST" duration-ms="37">
      <class name="assignment.concatenation">
        <test-method signature="fullname(java.lang.String,java.lang.String)[pri:0, instance:assignment.concatenation@2f7c2f4f]" started-at="2022-11-30T00:14:44 IST" name="fullname" finished-at="2022-11-30T00:14:44 IST" duration-ms="5" status="PASS">
          <params>
            <param index="0">
              <value>
                <![CDATA[Mahesh]]>
              </value>
            </param>
            <param index="1">
              <value>
                <![CDATA[Naikodi]]>
              </value>
            </param>
          </params>
          <reporter-output>
          </reporter-output>
        </test-method> <!-- fullname -->
      </class> <!-- assignment.concatenation -->
    </test> <!-- Test -->
  </suite> <!-- Suite -->
</testng-results>
